Mon Jun 11 2018 13:35:30 GMT-0400 (EDT): GET /home
Mon Jun 11 2018 13:35:36 GMT-0400 (EDT): GET /add
Mon Jun 11 2018 13:37:10 GMT-0400 (EDT): GET /add
Mon Jun 11 2018 13:37:16 GMT-0400 (EDT): GET /add
Mon Jun 11 2018 13:42:09 GMT-0400 (EDT): GET /
Mon Jun 11 2018 13:43:41 GMT-0400 (EDT): GET /add
Mon Jun 11 2018 13:43:48 GMT-0400 (EDT): GET /
Mon Jun 11 2018 13:44:35 GMT-0400 (EDT): GET /
Mon Jun 11 2018 13:44:53 GMT-0400 (EDT): GET /
Mon Jun 11 2018 13:45:18 GMT-0400 (EDT): GET /
Mon Jun 11 2018 13:45:45 GMT-0400 (EDT): GET /
Mon Jun 11 2018 13:46:14 GMT-0400 (EDT): GET /
Mon Jun 11 2018 13:46:58 GMT-0400 (EDT): GET /
Mon Jun 11 2018 13:47:28 GMT-0400 (EDT): GET /
Mon Jun 11 2018 13:47:49 GMT-0400 (EDT): GET /
Mon Jun 11 2018 13:48:55 GMT-0400 (EDT): GET /
Mon Jun 11 2018 13:49:31 GMT-0400 (EDT): GET /
Mon Jun 11 2018 13:51:28 GMT-0400 (EDT): GET /
Mon Jun 11 2018 13:51:41 GMT-0400 (EDT): GET /
Mon Jun 11 2018 13:52:00 GMT-0400 (EDT): GET /
Mon Jun 11 2018 13:52:28 GMT-0400 (EDT): GET /
Mon Jun 11 2018 13:52:44 GMT-0400 (EDT): GET /
Mon Jun 11 2018 13:53:18 GMT-0400 (EDT): GET /
Mon Jun 11 2018 13:54:28 GMT-0400 (EDT): GET /
Mon Jun 11 2018 13:54:36 GMT-0400 (EDT): GET /
Mon Jun 11 2018 13:54:48 GMT-0400 (EDT): GET /
Mon Jun 11 2018 13:54:55 GMT-0400 (EDT): GET /
Mon Jun 11 2018 13:55:01 GMT-0400 (EDT): GET /
Mon Jun 11 2018 13:55:10 GMT-0400 (EDT): GET /
Mon Jun 11 2018 13:55:17 GMT-0400 (EDT): GET /
Mon Jun 11 2018 13:55:36 GMT-0400 (EDT): GET /
Mon Jun 11 2018 13:55:46 GMT-0400 (EDT): GET /
Mon Jun 11 2018 13:56:41 GMT-0400 (EDT): GET /
Mon Jun 11 2018 14:09:17 GMT-0400 (EDT): GET /
Tue Jun 12 2018 11:31:23 GMT-0400 (EDT): GET /
Tue Jun 12 2018 11:31:42 GMT-0400 (EDT): GET /
Tue Jun 12 2018 11:40:23 GMT-0400 (EDT): GET /
Tue Jun 12 2018 11:41:28 GMT-0400 (EDT): GET /
Tue Jun 12 2018 11:43:28 GMT-0400 (EDT): GET /
Tue Jun 12 2018 11:43:31 GMT-0400 (EDT): GET /2
Tue Jun 12 2018 11:43:39 GMT-0400 (EDT): GET /2
Tue Jun 12 2018 11:56:06 GMT-0400 (EDT): GET /2
Tue Jun 12 2018 11:56:08 GMT-0400 (EDT): GET /
Tue Jun 12 2018 11:56:37 GMT-0400 (EDT): GET /
Tue Jun 12 2018 12:15:20 GMT-0400 (EDT): GET /
Tue Jun 12 2018 12:15:39 GMT-0400 (EDT): GET //test
Tue Jun 12 2018 12:18:47 GMT-0400 (EDT): GET //form
Tue Jun 12 2018 12:20:37 GMT-0400 (EDT): GET //form
Tue Jun 12 2018 12:20:46 GMT-0400 (EDT): GET /form
Tue Jun 12 2018 12:21:25 GMT-0400 (EDT): POST /matchup
Tue Jun 12 2018 12:24:00 GMT-0400 (EDT): GET /form
Tue Jun 12 2018 12:24:04 GMT-0400 (EDT): POST /matchup
Tue Jun 12 2018 12:24:19 GMT-0400 (EDT): POST /matchup
Tue Jun 12 2018 12:24:48 GMT-0400 (EDT): GET /form
Tue Jun 12 2018 12:25:07 GMT-0400 (EDT): GET /form
Tue Jun 12 2018 12:25:16 GMT-0400 (EDT): POST /matchup
Tue Jun 12 2018 12:27:34 GMT-0400 (EDT): GET /
Tue Jun 12 2018 12:27:47 GMT-0400 (EDT): GET /form
Tue Jun 12 2018 12:28:19 GMT-0400 (EDT): GET /form
Tue Jun 12 2018 12:28:23 GMT-0400 (EDT): POST /matchup
Tue Jun 12 2018 12:31:53 GMT-0400 (EDT): POST /matchup
Tue Jun 12 2018 12:35:27 GMT-0400 (EDT): GET /form
Tue Jun 12 2018 12:35:50 GMT-0400 (EDT): GET /form
Tue Jun 12 2018 12:35:56 GMT-0400 (EDT): POST /matchup
Tue Jun 12 2018 19:02:48 GMT-0400 (EDT): GET /
Tue Jun 12 2018 19:02:53 GMT-0400 (EDT): GET /
Tue Jun 12 2018 22:31:31 GMT-0400 (EDT): GET /
Tue Jun 12 2018 22:31:43 GMT-0400 (EDT): GET /
Thu Jun 14 2018 10:12:47 GMT-0400 (EDT): GET /
Thu Jun 14 2018 10:12:48 GMT-0400 (EDT): GET /favicon.ico
Thu Jun 14 2018 10:13:36 GMT-0400 (EDT): GET /form
Thu Jun 14 2018 10:15:11 GMT-0400 (EDT): GET /form
Thu Jun 14 2018 10:15:31 GMT-0400 (EDT): GET /form
Thu Jun 14 2018 10:15:43 GMT-0400 (EDT): GET /form
Thu Jun 14 2018 10:16:02 GMT-0400 (EDT): GET /form
Thu Jun 14 2018 10:16:19 GMT-0400 (EDT): GET /form
Thu Jun 14 2018 10:20:18 GMT-0400 (EDT): GET /favicon.ico
Thu Jun 14 2018 10:59:26 GMT-0400 (EDT): GET /form
Thu Jun 14 2018 11:01:21 GMT-0400 (EDT): GET /form
Thu Jun 14 2018 11:03:38 GMT-0400 (EDT): GET /form
Thu Jun 14 2018 11:04:57 GMT-0400 (EDT): GET /form
Thu Jun 14 2018 11:05:01 GMT-0400 (EDT): GET /form
Thu Jun 14 2018 11:05:15 GMT-0400 (EDT): GET /form
Thu Jun 14 2018 11:05:20 GMT-0400 (EDT): GET /
Thu Jun 14 2018 11:05:35 GMT-0400 (EDT): GET /form
Thu Jun 14 2018 11:07:12 GMT-0400 (EDT): GET /form
Thu Jun 14 2018 11:09:33 GMT-0400 (EDT): GET /form
Thu Jun 14 2018 11:10:10 GMT-0400 (EDT): GET /form
Thu Jun 14 2018 11:11:58 GMT-0400 (EDT): GET /form
Thu Jun 14 2018 11:13:33 GMT-0400 (EDT): GET /form
Thu Jun 14 2018 11:21:37 GMT-0400 (EDT): GET /form
Thu Jun 14 2018 11:26:03 GMT-0400 (EDT): POST /matchup
Thu Jun 14 2018 11:27:00 GMT-0400 (EDT): GET /form
Thu Jun 14 2018 11:27:35 GMT-0400 (EDT): GET /form
Thu Jun 14 2018 11:27:48 GMT-0400 (EDT): GET /form
Thu Jun 14 2018 11:28:07 GMT-0400 (EDT): GET /form
Thu Jun 14 2018 11:28:19 GMT-0400 (EDT): GET /form
Thu Jun 14 2018 11:28:40 GMT-0400 (EDT): GET /form
Thu Jun 14 2018 11:54:46 GMT-0400 (EDT): GET /
Thu Jun 14 2018 11:56:31 GMT-0400 (EDT): POST /matchup
Thu Jun 14 2018 12:05:05 GMT-0400 (EDT): GET /
Thu Jun 14 2018 12:09:26 GMT-0400 (EDT): GET /
Thu Jun 14 2018 12:25:15 GMT-0400 (EDT): GET /
Thu Jun 14 2018 12:25:48 GMT-0400 (EDT): POST /matchup
Thu Jun 14 2018 12:26:43 GMT-0400 (EDT): POST /matchup
Thu Jun 14 2018 12:41:11 GMT-0400 (EDT): GET /
